{
  "RSpec": {
    "coverage": {
      "/Users/dsfaulkenberry/aggressive-epsilon/app/controllers/reservations_controller.rb": [
        1,
        1,
        null,
        1,
        2,
        null,
        null,
        1,
        2,
        null,
        null,
        1,
        0,
        null,
        null,
        1,
        0,
        null,
        null,
        1,
        0,
        null,
        null,
        1,
        0,
        null,
        null,
        1,
        null,
        1,
        2,
        null,
        null
      ],
      "/Users/dsfaulkenberry/aggressive-epsilon/app/controllers/application_controller.rb": [
        1,
        1,
        null
      ],
      "/Users/dsfaulkenberry/aggressive-epsilon/app/models/reservation.rb": [
        1,
        1,
        1,
        null,
        null,
        null,
        null
      ],
      "/Users/dsfaulkenberry/aggressive-epsilon/app/models/item.rb": [
        1,
        1,
        1,
        null,
        1,
        null,
        1,
        null,
        null,
        null,
        1,
        null
      ],
      "/Users/dsfaulkenberry/aggressive-epsilon/app/models/item_type.rb": [
        1,
        1,
        1,
        null,
        1,
        null
      ],
      "/Users/dsfaulkenberry/aggressive-epsilon/app/models/app.rb": [
        0,
        0,
        0,
        0,
        0,
        0
      ],
      "/Users/dsfaulkenberry/aggressive-epsilon/app/models/permission.rb": [
        0,
        0,
        0,
        0,
        0,
        0,
        0,
        0,
        0
      ]
    },
    "timestamp": 1455308398
  }
}
